10:33:15.255 INFO  google 漸漸 
10:33:18.239 INFO  getchord https://www.polygon.guitars/score/4178/漸漸 
10:42:39.726 INFO  google 反高潮 
10:42:41.923 INFO  getchord https://zh-hk.guitarians.com/chord/4330/陳奕迅-反高潮 
10:44:01.315 INFO  google 浮誇 
10:44:03.331 INFO  getchord https://zh-hk.guitarians.com/chord/4014/陳奕迅-浮誇 
13:00:17.034 INFO  google  j 
13:00:41.287 INFO  google 缺 
13:00:44.564 INFO  getchord https://www.polygon.guitars/score/4020/缺 
14:55:06.928 INFO  google Castle of the hill 
14:55:11.330 INFO  getchord https://tabs.ultimate-guitar.com/tab/ed-sheeran/castle-on-the-hill-chords-1955785 
15:15:08.286 INFO  google 漸漸 
15:15:09.457 INFO  google 漸漸 
15:15:20.627 INFO  getchord https://www.polygon.guitars/score/4178/漸漸 
15:25:27.075 INFO  google love story 
15:25:28.461 INFO  google love story 
15:25:45.604 INFO  getchord https://tabs.ultimate-guitar.com/tab/taylor-swift/love-story-chords-730809 
16:19:33.013 INFO  google 浮誇 
16:20:14.483 INFO  getchord https://zh-hk.guitarians.com/chord/4014/陳奕迅-浮誇 
16:20:57.182 INFO  getchord https://www.polygon.guitars/score/178/浮誇 
16:43:36.531 INFO  google 漸漸 
16:43:42.673 INFO  getchord https://www.polygon.guitars/score/4178/漸漸 
16:45:17.717 INFO  google 漸漸 
16:45:19.659 INFO  getchord https://www.polygon.guitars/score/4178/漸漸 
16:45:41.953 INFO  google 你瞞我瞞 
16:46:03.892 INFO  getchord https://zh-hk.guitarians.com/chord/1117/陳柏宇-你瞞我瞞 
16:47:38.844 INFO  google eason chan 
16:47:42.236 INFO  getchord https://zh-hk.guitarians.com/chord/28812/陳奕迅-我們 
16:48:15.087 INFO  google 光輝歲月 
16:48:17.212 INFO  google 光輝歲月. 
16:48:22.306 INFO  getchord https://zh-hk.guitarians.com/chord/39/Beyond-光輝歲月 
19:35:29.153 INFO  google last dance 
19:35:33.178 INFO  getchord https://zh-hk.guitarians.com/chord/94161/伍佰,伍佰-Last-Dance 
19:38:20.216 INFO  getchord https://zh-hk.guitarians.com/chord/94161/伍佰,伍佰-Last-Dance 
19:39:57.595 INFO  google last dance 
19:40:02.122 INFO  getchord https://zh-hk.guitarians.com/chord/94161/伍佰,伍佰-Last-Dance 
19:40:12.354 INFO  getchord https://www.91pu.com.tw/song/2020/0209/12425.html 
19:40:46.565 INFO  getchord https://zh-hk.guitarians.com/chord/94161/伍佰,伍佰-Last-Dance 
19:41:17.605 INFO  google last dance 
19:41:21.444 INFO  getchord https://zh-hk.guitarians.com/chord/94161/伍佰,伍佰-Last-Dance 
19:53:08.070 INFO  google 想見你 
19:53:12.164 INFO  getchord https://zh-hk.guitarians.com/chord/90747/八三夭,八三夭,八三夭-想見你想見你想見你 
13:57:27.012 INFO  google 有時 
13:57:28.603 INFO  getchord https://zh-hk.guitarians.com/chord/53/周國賢-有時 
14:05:39.319 INFO  google 我們 
14:05:44.738 INFO  getchord https://zh-hk.guitarians.com/chord/28812/陳奕迅-我們 
14:06:19.096 INFO  google 我們 
14:06:24.035 INFO  getchord https://www.91pu.com.tw/song/2018/1101/10566.html 
14:07:39.958 INFO  getchord https://daydayguitar.blogspot.com/2017/11/ekDzlSB1p28.html 
14:08:25.949 INFO  google 魚仔 
14:08:27.924 INFO  getchord https://zh-hk.guitarians.com/chord/5737/盧廣仲-魚仔(花甲男孩轉大人) 
14:20:19.419 INFO  google 午夜夢醒 
14:20:23.860 INFO  getchord https://zh-hk.guitarians.com/chord/1701/盧廣仲-好想要揮霍 
14:22:57.283 INFO  google 夢醒 
14:23:06.690 INFO  getchord https://www.polygon.guitars/score/1409/夢醒時分 
14:24:30.145 INFO  google 忘了你忘了我 
14:24:32.435 INFO  getchord https://zh-hk.guitarians.com/chord/2662/王傑,王傑-忘了你忘了我 
14:24:51.363 INFO  google 忘了你忘了我 
14:25:02.446 INFO  getchord https://www.91pu.com.tw/song/2019/0706/11584.html 
15:45:04.788 INFO  getchord https://zh-hk.guitarians.com/chord/2662/王傑,王傑-忘了你忘了我 
15:45:19.315 INFO  google 忘了你忘了我 
15:45:20.453 INFO  google 忘了你忘了我 
15:45:24.154 INFO  getchord https://zh-hk.guitarians.com/chord/3076/王傑-忘了你忘了我 
15:55:35.193 INFO  google 忘了你忘了我 
15:56:27.537 INFO  getchord https://zh-hk.guitarians.com/chord/2662/王傑,王傑-忘了你忘了我 
18:32:27.366 INFO  google 忘記他 
18:32:31.960 INFO  getchord https://zh-hk.guitarians.com/chord/3580/鄧麗君-忘記他 
19:49:59.651 INFO  google 我什麼都沒有 
19:50:01.800 INFO  getchord https://zh-hk.guitarians.com/chord/2/陳奕迅-我甚麼都沒有 
20:07:22.269 INFO  google 未知道 
20:07:24.352 INFO  getchord https://zh-hk.guitarians.com/chord/93690/陳健安-未知道 
03:11:04.350 INFO  google 如果這就是愛 
03:11:06.621 INFO  getchord http://www.91pu.com.tw/song/2017/0111/5667.html 
03:11:12.561 INFO  google 如果這就是愛 
03:11:17.908 INFO  getchord https://www.polygon.guitars/score/1690/如果．愛 
03:12:02.307 INFO  google 如果 愛 
03:12:05.475 INFO  getchord https://zh-hk.guitarians.com/chord/1617/張學友-如果愛 
17:08:54.039 INFO  google All of me 
17:09:03.032 INFO  getchord https://www.polygon.guitars/score/4137/All Of Me 
18:19:21.617 INFO  google 未來見 
18:19:25.350 INFO  google 未來見 
18:19:32.403 INFO  getchord https://www.polygon.guitars/score/4256/未來見 
18:23:41.907 INFO  google 有時 
18:23:43.637 INFO  getchord https://zh-hk.guitarians.com/chord/53/周國賢-有時 
19:01:16.185 INFO  google 酷愛 
19:01:22.107 INFO  getchord https://zh-hk.guitarians.com/chord/49/張敬軒-酷愛 
19:02:17.823 INFO  google 酷愛 
09:37:36.805 INFO  google 我們 
09:37:41.014 INFO  getchord https://zh-hk.guitarians.com/chord/32882/陳奕迅-我們 
11:21:59.425 INFO  google 勉強幸福 
11:22:02.591 INFO  getchord http://www.91pu.com.tw/song/2016/0807/4264.html 
11:22:21.766 INFO  google 勉強幸福 
15:35:50.594 INFO  google unravel 
15:35:56.684 INFO  getchord https://tabs.ultimate-guitar.com/tab/ling-tosite-sigure/unravel-chords-1704477 
15:37:30.746 INFO  google lazy song 
15:37:33.200 INFO  getchord https://tabs.ultimate-guitar.com/tab/bruno-mars/the-lazy-song-chords-1761018 
16:01:30.108 INFO  google 天色常籃 
19:43:30.740 INFO  google 任我行 
19:43:41.056 INFO  getchord https://zh-hk.guitarians.com/chord/55/陳奕迅-任我行 
18:34:43.164 INFO  google 銀河修理員 
18:34:49.907 INFO  getchord https://zh-hk.guitarians.com/chord/97570/Dear-Jane-銀河修理員 
18:38:24.277 INFO  google 有時 
18:38:25.289 INFO  google 有時 
18:38:28.283 INFO  getchord https://www.polygon.guitars/score/12/有時 
18:41:18.146 INFO  google 有時 
18:41:32.625 INFO  google 別讓我走遠 
18:41:34.669 INFO  getchord https://zh-hk.guitarians.com/chord/63336/林宥嘉-別讓我走遠 
18:26:24.773 INFO  google 成全 
18:26:27.304 INFO  getchord https://www.polygon.guitars/score/1762/成全 
19:22:47.471 INFO  google 銀河修理員 
19:22:52.018 INFO  getchord https://www.polygon.guitars/score/4468/銀河修理員 
19:23:58.563 INFO  getchord https://zh-hk.guitarians.com/chord/97570/Dear-Jane-銀河修理員 
22:59:37.717 INFO  google 踮起腳 
22:59:42.429 INFO  getchord https://zh-hk.guitarians.com/chord/1402/洪佩瑜-踮起腳尖愛 
23:26:32.006 INFO  google 在錯誤的宇宙尋找愛 
23:26:35.522 INFO  getchord https://zh-hk.guitarians.com/chord/69327/陳健安-在錯誤的宇宙尋找愛 
23:27:50.379 INFO  google 未來見 
23:27:51.428 INFO  google 未來見 
23:27:54.274 INFO  getchord https://www.polygon.guitars/score/4256/未來見 
23:29:44.642 INFO  google 原諒 
23:30:07.949 INFO  google 我繼續 
23:30:13.277 INFO  getchord https://zh-hk.guitarians.com/chord/22464/林俊傑-我繼續 
23:31:09.770 INFO  google 學不會 
23:32:35.531 INFO  getchord https://zh-hk.guitarians.com/chord/1980/林俊傑-學不會 
23:34:09.196 INFO  google 愛情是一種法國甜品 
23:34:28.755 INFO  getchord https://www.polygon.guitars/score/4320/愛情是一種法國甜品 
23:36:30.547 INFO  getchord https://zh-hk.guitarians.com/chord/40593/林二汶-愛情是一種法國甜品 
23:37:53.001 INFO  google 停半分鐘聽一闋歌 
23:37:57.022 INFO  getchord https://zh-hk.guitarians.com/chord/47312/許廷鏗-停半分鐘聽一闋歌 
23:45:29.855 INFO  getchord https://zh-hk.guitarians.com/chord/1402/洪佩瑜-踮起腳尖愛 
21:47:18.551 INFO  google 踮起腳尖愛 
21:47:21.002 INFO  getchord https://www.91pu.com.tw/song/2015/0713/203.html 
21:47:42.296 INFO  google 踮起腳尖愛 
21:47:44.563 INFO  getchord https://zh-hk.guitarians.com/chord/1402/洪佩瑜-踮起腳尖愛 
22:01:34.787 INFO  google 其實 
22:01:37.075 INFO  getchord https://zh-hk.guitarians.com/chord/80391/薛之謙-其實 
22:01:47.083 INFO  google 其實 
22:08:44.312 INFO  google 紳士 
22:08:46.609 INFO  getchord https://zh-hk.guitarians.com/chord/16847/薛之謙-紳士 
22:17:56.648 INFO  google 紳士 
22:17:59.772 INFO  google 薛之謙 
22:18:05.710 INFO  getchord https://www.polygon.guitars/score/4175/啞巴 
22:19:24.899 INFO  google 怪咖 
22:19:26.944 INFO  getchord https://www.91pu.com.tw/song/2018/0706/10016.html 
22:20:21.144 INFO  google 怪咖 
22:20:22.918 INFO  getchord https://www.91pu.com.tw/song/2018/0706/10016.html 
16:18:43.136 INFO  google 未知道 
16:18:50.912 INFO  getchord https://zh-hk.guitarians.com/chord/93690/陳健安-未知道 
16:21:57.257 INFO  google 天將明 
21:21:34.608 INFO  google 踮起腳 
21:22:03.442 INFO  google 黑擇明 
21:22:15.683 INFO  getchord https://zh-hk.guitarians.com/chord/247/陳奕迅-黑擇明 
21:26:07.153 INFO  google 你 
00:19:40.619 INFO  google 忘記擁抱 
00:19:46.173 INFO  getchord https://www.91pu.com.tw/singer/2015/0804/430.html 
00:19:58.635 INFO  google 忘記擁抱 
00:19:59.830 INFO  google 忘記擁抱 
00:20:01.011 INFO  getchord https://www.91pu.com.tw/singer/2015/0804/430.html 
00:20:34.151 INFO  google 忘記擁抱 
00:20:34.785 INFO  google 忘記擁抱 
00:20:36.828 INFO  getchord https://www.91pu.com.tw/singer/2015/0804/430.html 
00:21:14.050 INFO  google 忘記擁抱 
00:21:15.984 INFO  getchord https://www.91pu.com.tw/singer/2015/0804/430.html 
00:21:44.863 INFO  google 忘記擁抱 
00:21:51.542 INFO  getchord https://www.polygon.guitars/score/1420/忘記擁抱 
00:24:14.314 INFO  google 忘記擁抱 
00:24:24.444 INFO  google 我沒有忘記你 
00:24:34.660 INFO  getchord https://daydayguitar.blogspot.com/2019/09/Z4OzgPE1P5s.html 
00:26:20.020 INFO  google 成癮 
00:26:35.629 INFO  google 為你的寂寞唱歌 
00:26:38.537 INFO  getchord https://www.polygon.guitars/score/1189/為你的寂寞唱歌 
00:28:21.667 INFO  google 框不住的愛 
00:28:24.495 INFO  getchord https://www.91pu.com.tw/song/2018/0514/9646.html 
00:33:24.150 INFO  google A thousand years 
00:33:28.306 INFO  getchord https://tabs.ultimate-guitar.com/tab/christina-perri/a-thousand-years-chords-1130327 
00:38:16.463 INFO  google 可惜不是你 
00:38:22.661 INFO  getchord https://zh-hk.guitarians.com/chord/2031/梁靜茹-可惜不是你 
00:40:02.694 INFO  google 垃圾 
00:40:07.993 INFO  getchord https://www.polygon.guitars/score/365/垃圾 
01:51:59.585 INFO  google 不如不見 
01:52:07.707 INFO  google 好久不見 
01:52:09.362 INFO  getchord https://www.polygon.guitars/score/1917/好久不見 
01:37:24.692 INFO  google 方大同 
01:37:51.590 INFO  getchord https://www.polygon.guitars/score/838/千紙鶴 
01:38:07.697 INFO  google 皇后餐廳 
01:38:10.355 INFO  getchord https://www.polygon.guitars/performer/list/1 
01:39:24.046 INFO  google 有時 
01:39:28.220 INFO  getchord https://www.polygon.guitars/score/12/有時 
01:43:33.585 INFO  google 有時 
01:43:36.920 INFO  getchord https://zh-hk.guitarians.com/chord/53/周國賢-有時 
22:56:24.490 INFO  google 七百年後 
22:56:27.171 INFO  getchord https://www.polygon.guitars/score/378/七百年後 
22:57:54.107 INFO  google 難得一遇 
22:57:56.394 INFO  getchord https://www.polygon.guitars/score/1859/難得一遇 
23:00:25.773 INFO  google 失憶 
23:00:28.386 INFO  getchord https://www.polygon.guitars/score/1018/失憶蝴蝶 
23:04:15.961 INFO  google 失憶蝴蝶 
23:04:27.597 INFO  google 失憶蝴蝶 
23:04:29.962 INFO  getchord https://www.polygon.guitars/score/1018/失憶蝴蝶 
23:08:38.733 INFO  google 活著多好 
23:08:41.237 INFO  getchord https://www.polygon.guitars/score/4218/活著多好 
23:15:55.964 INFO  google C all star 
23:25:59.658 INFO  google 未知道 
23:26:01.884 INFO  getchord https://zh-hk.guitarians.com/chord/93690/陳健安-未知道 
23:42:58.778 INFO  google 逾越生死 
23:43:03.666 INFO  getchord https://www.polygon.guitars/score/1467/逾越生死 
00:09:44.905 INFO  google 仁至義盡 
00:09:47.487 INFO  getchord https://www.polygon.guitars/score/3993/仁至義盡 
15:24:37.556 INFO  google 睡吧碎吧 
15:24:39.407 INFO  getchord https://zh-hk.guitarians.com/chord/50407/許淨淳-碎吧睡吧 
16:18:11.076 INFO  google 睡吧碎吧 
16:18:12.618 INFO  getchord https://zh-hk.guitarians.com/chord/50407/許淨淳-碎吧睡吧 
03:16:54.665 INFO  google 空白格 
03:17:09.457 INFO  google 想你的夜 
03:17:15.640 INFO  getchord https://zh-hk.guitarians.com/chord/1503/關喆-想你的夜 
03:18:45.676 INFO  google 空白格 
03:18:47.726 INFO  getchord https://zh-hk.guitarians.com/chord/1728/楊宗緯-空白格 
03:23:49.005 INFO  google 空白格 
03:23:52.144 INFO  getchord https://zh-hk.guitarians.com/chord/1728/楊宗緯-空白格 
17:37:39.015 INFO  google 誇張 
17:37:57.523 INFO  google 浮誇 
17:38:04.522 INFO  getchord https://www.polygon.guitars/score/178/浮誇 
17:38:30.220 INFO  google 浮誇 
17:38:32.263 INFO  getchord https://zh-hk.guitarians.com/chord/1250/陳奕迅-浮誇 
18:50:25.037 INFO  google 米老鼠 
18:50:27.583 INFO  getchord https://zh-hk.guitarians.com/chord/4316/五月天-米老鼠 
05:29:16.907 INFO  google hello 
05:29:20.167 INFO  getchord https://tabs.ultimate-guitar.com/tab/adele/hello-chords-1775924 
07:56:35.701 INFO  google my way 
07:56:36.934 INFO  google my way 
07:56:41.997 INFO  getchord http://polygonguitar.blogspot.com/2013/08/on-my-way-chord.html 
08:07:46.500 INFO  google 追 
08:07:59.141 INFO  getchord http://polygonguitar.blogspot.com/2012/06/chord_2668.html 
08:09:49.655 INFO  google 追 
08:09:51.812 INFO  google 追 
08:09:54.085 INFO  getchord https://zh-hk.guitarians.com/chord/1705/張國榮-追 
08:10:59.526 INFO  google 月亮代 
08:11:06.666 INFO  getchord https://daydayguitar.blogspot.com/2013/09/t-YCjDfhBmQ.html 
12:58:53.306 INFO  google First of May 
12:58:59.892 INFO  getchord https://zh-hk.guitarians.com/chord/431/Bee-Gees-First-Of-May 
13:35:59.930 INFO  google 神是爱 
13:36:11.383 INFO  getchord https://zh-hk.guitarians.com/chord/45889/詩歌-神是愛 
13:41:31.326 INFO  google 啞巴 
13:41:36.227 INFO  getchord https://www.polygon.guitars/score/4175/啞巴 
16:34:25.571 INFO  google Still got the blues 
16:34:30.254 INFO  getchord https://tabs.ultimate-guitar.com/tab/gary-moore/still-got-the-blues-chords-76853 
16:35:03.864 INFO  getchord https://tabs.ultimate-guitar.com/tab/gary-moore/still-got-the-blues-chords-76853 
16:35:04.536 INFO  google 追 
16:35:07.627 INFO  getchord https://zh-hk.guitarians.com/chord/1705/張國榮-追 
16:36:14.937 INFO  google 真夜中 
16:36:19.497 INFO  getchord https://blog.xuite.net/chuzu0/twblog/293780159-千賀かほる的日文演歌─真夜中のギター─深夜的吉他+歌詞+注音+翻譯中譯+日文學習 
16:36:56.679 INFO  google Band maid choose me 
16:37:00.852 INFO  getchord https://tabs.ultimate-guitar.com/tab/band-maid/choose-me-guitar-pro-2807546 
16:37:36.031 INFO  google Band maid choose me 
16:37:38.567 INFO  getchord https://tabs.ultimate-guitar.com/tab/band-maid/choose-me-guitar-pro-2807546 
16:39:05.074 INFO  google Band maid 
16:39:12.698 INFO  getchord https://zh-hk.guitarians.com/chord/83762/BAND-MAID-Daydreaming 
16:40:22.243 INFO  getchord https://tabs.ultimate-guitar.com/tab/2864177 
16:40:42.907 INFO  google Band maid choose me 
16:40:45.563 INFO  getchord https://tabs.ultimate-guitar.com/tab/band-maid/choose-me-guitar-pro-2807546 
16:41:17.010 INFO  google Band maid choose me 
16:41:17.559 INFO  getchord https://www.91pu.com.tw/song/2015/1111/1518.html 
16:42:41.757 INFO  google bandmaid choose me 
16:42:42.787 INFO  google bandmaid choose me 
16:42:43.646 INFO  getchord https://tabs.ultimate-guitar.com/tab/band-maid/choose-me-guitar-pro-2807546 
16:42:50.647 INFO  google Aimer 
16:42:52.631 INFO  getchord https://tabs.ultimate-guitar.com/tab/band-maid/choose-me-guitar-pro-2807546 
16:43:59.065 INFO  google street life 
16:44:20.417 INFO  google 浮誇 
16:44:26.798 INFO  getchord https://daydayguitar.blogspot.com/2013/07/QHUNwcYPOWM.html 
16:44:55.716 INFO  google 陳奕迅 
16:44:57.918 INFO  google glay 
16:45:04.199 INFO  getchord http://polygonguitar.blogspot.com/2013/01/blog-post_1.html 
16:45:39.757 INFO  google 陳奕迅 
16:45:51.844 INFO  google man with a mission 
16:45:53.587 INFO  getchord https://zh-hk.guitarians.com/chord/196/陳奕迅-約定 
16:45:57.131 INFO  getchord https://tabs.ultimate-guitar.com/tab/bad-religion/man-with-a-mission-chords-1754288 
16:46:22.987 INFO  google spyair 
16:46:28.961 INFO  getchord https://chords-and-tabs.net/song/name/spyair-imagination 
16:48:21.165 INFO  google サターン 
16:48:25.639 INFO  getchord https://tabs.ultimate-guitar.com/tab/sleeping-at-last/saturn-chords-1718943 
16:48:59.403 INFO  google 紅蓮華 
16:49:04.891 INFO  getchord https://zh-hk.guitarians.com/chord/87998/Crystal-紅蓮華 
16:50:00.599 INFO  getchord https://www.91pu.com.tw/song/2019/1007/11943.html 
16:51:28.498 INFO  getchord https://tabs.ultimate-guitar.com/tab/spyair/imagination-chords-1834156 
16:54:32.339 INFO  google spyair imagination 
16:54:35.343 INFO  getchord https://tabs.ultimate-guitar.com/tab/spyair/imagination-chords-1834156 
16:55:16.214 INFO  getchord https://tabs.ultimate-guitar.com/tab/misc-cartoons/haikyuu-imagination-chords-1664580 
16:55:19.356 INFO  google spyair imagination 
16:55:34.993 INFO  getchord https://chords-and-tabs.net/song/name/spyair-imagination 
16:55:44.078 INFO  google drove me wild 
16:55:46.964 INFO  getchord https://tabs.ultimate-guitar.com/tab/tegan-and-sara/drove-me-wild-chords-1246767 
16:57:17.045 INFO  google love song 
16:57:21.483 INFO  getchord http://polygonguitar.blogspot.com/2012/06/love-song-chord.html 
16:57:32.183 INFO  google love song 
16:57:34.451 INFO  getchord https://zh-hk.guitarians.com/chord/4714/方大同-Love-Song 
17:01:34.300 INFO  google sou 
17:01:45.309 INFO  google mr fixer 
17:01:48.448 INFO  getchord https://tabs.ultimate-guitar.com/tab/misc-cartoons/id-invaded-opening-full-mr-fixer-chords-3107342 
17:05:20.291 INFO  getchord https://tabs.ultimate-guitar.com/tab/misc-cartoons/id-invaded-opening-full-mr-fixer-chords-3107342 
17:05:37.547 INFO  google mr fixer 
17:06:31.053 INFO  getchord https://tabs.ultimate-guitar.com/tab/misc-cartoons/id-invaded-opening-full-mr-fixer-chords-3107342 
17:38:38.196 INFO  google bad romance 
17:38:41.566 INFO  getchord https://tabs.ultimate-guitar.com/tab/lady-gaga/bad-romance-chords-923703 
17:39:30.126 INFO  google one year of love 
17:39:32.903 INFO  getchord https://tabs.ultimate-guitar.com/tab/queen/one-year-of-love-chords-80632 
17:40:15.310 INFO  getchord https://tabs.ultimate-guitar.com/tab/queen/one-year-of-love-chords-80632 
17:41:24.382 INFO  google yui 
17:41:27.717 INFO  getchord https://zh-hk.guitarians.com/chord/375/YUI-Good-Bye-Days 
17:42:00.880 INFO  google supaloneley 
17:42:03.139 INFO  google supalonely 
17:42:11.195 INFO  getchord https://tabs.ultimate-guitar.com/tab/benee/supalonely-chords-2965112 
17:42:16.400 INFO  google bad romance 
17:42:19.343 INFO  getchord https://tabs.ultimate-guitar.com/tab/lady-gaga/bad-romance-chords-923703 
17:43:33.867 INFO  google lover boy 
17:43:36.118 INFO  getchord https://tabs.ultimate-guitar.com/tab/lady-gaga/bad-romance-chords-893121 
17:43:37.550 INFO  getchord https://tabs.ultimate-guitar.com/tab/phum-viphurit/lover-boy-ukulele-2426147 
17:45:16.605 INFO  google eason chan 
17:45:27.971 INFO  getchord https://blog.xuite.net/anthelion/blog/311982853-陳奕迅+Eason+Chan+-《無條件》Chord譜+和弦譜 
17:45:35.518 INFO  google eason chan 
17:45:44.492 INFO  getchord https://www.polygon.guitars/score/4178/漸漸 
17:46:13.392 INFO  google 迷魂記 
17:46:18.495 INFO  getchord https://zh-hk.guitarians.com/chord/1194/謝霆鋒-愛後餘生 
17:46:38.446 INFO  google 呼吸的痛 
17:46:40.717 INFO  getchord https://zh-hk.guitarians.com/chord/1264/梁靜茹-會呼吸的痛 
19:12:00.806 INFO  google 明年今日 
19:12:09.682 INFO  getchord http://polygonguitar.blogspot.com/2013/01/chord_8607.html 
19:12:35.020 INFO  getchord http://polygonguitar.blogspot.com/2013/01/chord_8607.html 
19:13:45.052 INFO  getchord http://polygonguitar.blogspot.com/2013/01/chord_8607.html 
19:14:06.555 INFO  google 明年今日 
19:14:09.419 INFO  getchord https://zh-hk.guitarians.com/chord/10377/陳奕迅-明年今日 
19:21:59.099 INFO  google 成全 
19:22:00.402 INFO  google 成全 
19:22:03.976 INFO  getchord https://zh-hk.guitarians.com/chord/53173/林宥嘉-成全 
00:01:09.795 INFO  google 傻子 
00:01:11.237 INFO  google 傻子 
00:01:17.108 INFO  getchord https://zh-hk.guitarians.com/chord/50744/林宥嘉-傻子 
01:27:37.995 INFO  google 富士山下 
01:27:53.381 INFO  getchord https://www.polygon.guitars/score/368/富士山下 
02:37:13.493 INFO  google My jinji 
02:37:14.675 INFO  google My jinji 
02:37:16.208 INFO  getchord https://tabs.ultimate-guitar.com/tab/sunset-rollercoaster/my-jinji-chords-2053863 
02:37:25.187 INFO  google My jinji 
02:37:44.998 INFO  google My jinji 
02:37:46.012 INFO  google My jinji 
02:37:46.924 INFO  getchord https://tabs.ultimate-guitar.com/tab/sunset-rollercoaster/my-jinji-chords-2053863 
02:37:56.553 INFO  getchord https://tabs.ultimate-guitar.com/tab/sunset-rollercoaster/my-jinji-chords-2053863 
02:38:45.050 INFO  google Comethru 
02:38:48.755 INFO  getchord https://tabs.ultimate-guitar.com/tab/jeremy-zucker/comethru-chords-2466622 
02:39:16.220 INFO  google Comethru 
02:39:19.567 INFO  getchord https://zh-hk.guitarians.com/chord/88329/Jeremy-Zucker-Comethru 
02:42:59.493 INFO  google 紅白 
02:43:00.659 INFO  google 紅白 
02:43:05.149 INFO  getchord https://www.polygon.guitars/score/4471/紅白 
02:57:40.497 INFO  google 傻子 
02:57:43.199 INFO  getchord https://zh-hk.guitarians.com/chord/1905/林宥嘉-傻子 
03:01:56.269 INFO  getchord https://daydayguitar.blogspot.com/2013/07/xi6wOaZ61-U.html 
03:04:42.428 INFO  getchord https://zh-hk.guitarians.com/chord/1905/林宥嘉-傻子 
03:05:16.339 INFO  google taylor swift 
03:05:18.568 INFO  getchord https://tabs.ultimate-guitar.com/tab/taylor-swift/love-story-chords-730809 
03:18:11.208 INFO  google taylor swift 
03:18:13.027 INFO  getchord https://tabs.ultimate-guitar.com/tab/taylor-swift/love-story-chords-730809 
18:48:48.855 INFO  google 對的時間點 
18:48:51.597 INFO  getchord https://zh-hk.guitarians.com/chord/87264/林俊傑-對的時間點 
18:52:13.240 INFO  getchord https://www.91pu.com.tw/song/2019/0830/11790.html 
18:53:40.382 INFO  google 別逃避我們以後要 
18:53:42.686 INFO  getchord https://zh-hk.guitarians.com/chord/39186/林俊傑-以後要做的事 
18:56:12.655 INFO  getchord https://blog.xuite.net/bestmusic7/wretch/118194822-林俊傑+-+以後要做的事 
19:53:38.625 INFO  google 逃生門 
19:53:41.751 INFO  getchord https://zh-hk.guitarians.com/chord/72759/王灝兒-逃生門 
20:30:58.123 INFO  google all of me 
20:31:08.634 INFO  getchord https://zh-hk.guitarians.com/chord/3882/John-legend--all-of-me 
23:50:33.410 INFO  google 追光者 
23:50:39.356 INFO  getchord https://zh-hk.guitarians.com/chord/6560/岑寧兒-追光者 
02:10:41.466 INFO  google 少女 
02:10:46.182 INFO  getchord https://zh-hk.guitarians.com/chord/84515/林宥嘉-少女 
08:40:22.249 INFO  google 月亮代表我的心 
08:40:23.306 INFO  google 月亮代表我的心 
08:40:37.499 INFO  getchord https://daydayguitar.blogspot.com/2013/09/t-YCjDfhBmQ.html 
08:40:56.563 INFO  getchord https://zh-hk.guitarians.com/chord/32345/鄧麗君-月亮代表我的心 
08:43:34.358 INFO  google 恩典的記号 
08:43:42.189 INFO  getchord https://zh-hk.guitarians.com/chord/25873/盛曉玫-恩典的記號 
08:44:36.406 INFO  google 神是愛 
08:44:41.126 INFO  getchord https://zh-hk.guitarians.com/chord/45889/詩歌-神是愛 
08:46:06.037 INFO  google my way 
08:46:07.334 INFO  google my way 
08:46:09.010 INFO  getchord https://tabs.ultimate-guitar.com/tab/frank-sinatra/my-way-chords-383263 
04:09:01.146 INFO  google polygon eason 
04:09:05.151 INFO  getchord https://www.polygon.guitars/score/4178/漸漸 
04:58:09.926 INFO  google hins cheung chord4 
04:58:17.716 INFO  getchord https://blog.xuite.net/anthelion/blog/306335107-Hins+Cheung+張敬軒+-+<<My+Way>>+Chord譜+和弦譜 
15:37:04.948 INFO  google love song 
15:37:06.739 INFO  google 這是因為我們能感到疼痛 
15:37:08.782 INFO  getchord https://zh-hk.guitarians.com/chord/55427/TIZZY-BAC-這是因為我們能感到疼痛 
04:24:38.676 INFO  google 將故事寫成我們 
09:12:34.027 INFO  google Shine 
09:12:43.885 INFO  getchord http://polygonguitar.blogspot.com/2012/03/shine-chord-intro.html 
09:13:11.200 INFO  google 殘酷月光 
09:13:12.457 INFO  google 殘酷月光 
09:13:13.705 INFO  getchord https://zh-hk.guitarians.com/chord/1244/林宥嘉-残酷月光 
19:25:09.078 INFO  google 想見你想見你想見你 
19:25:13.404 INFO  getchord https://www.91pu.com.tw/song/2019/1211/12185.html 
19:25:24.441 INFO  google 想見你想見你想見你 
19:25:29.570 INFO  getchord https://zh-hk.guitarians.com/chord/92471/八三夭-想見你想見你想見你 
19:25:50.192 INFO  getchord https://www.91pu.com.tw/song/2019/1211/12185.html 
20:57:38.461 INFO  google 笑忘書 
20:57:41.227 INFO  getchord https://zh-hk.guitarians.com/chord/686/張敬軒-笑忘書 
21:03:11.292 INFO  google 五月天 
21:03:45.661 INFO  google 五月天8 
21:03:52.883 INFO  getchord https://zh-hk.guitarians.com/chord/1496/五月天-知足 
21:12:20.558 INFO  google 六月 
21:12:36.681 INFO  google 6月飛霜 
21:12:37.898 INFO  google 6月飛霜 
21:12:38.918 INFO  getchord https://zh-hk.guitarians.com/chord/2127/陳奕迅-六月飛霜 
21:17:18.956 INFO  google 失憶蝴 
21:17:20.413 INFO  google 失憶蝴 
21:17:21.653 INFO  getchord https://www.polygon.guitars/score/1018/失憶蝴蝶 
21:23:12.932 INFO  google 失憶蝴蝶 
21:23:15.820 INFO  getchord http://polygonguitar.blogspot.com/2013/08/chord_10.html 
21:24:01.276 INFO  google 失憶蝴蝶 
21:24:08.301 INFO  getchord https://www.polygon.guitars/score/1018/失憶蝴蝶 
21:26:28.431 INFO  google 轉之後 
21:26:31.142 INFO  getchord https://www.polygon.guitars/score/2645/轉身之後 
21:32:32.258 INFO  google 幸福無關 
21:32:34.427 INFO  getchord https://zh-hk.guitarians.com/chord/5433/畢書盡-幸福無關 
13:04:51.201 INFO  google c all start 
13:04:53.807 INFO  google c all star 
13:04:56.058 INFO  getchord http://polygonguitar.blogspot.com/2013/10/c-allstar-chord.html 
13:05:32.834 INFO  google c all star 
13:05:56.195 INFO  getchord https://blog.xuite.net/anthelion/blog/535341560-C+AllStar+-《此刻無價》Chord譜+和弦譜 
13:06:05.682 INFO  google c all star 
13:09:12.310 INFO  getchord https://www.polygon.guitars/score/2663/再不再見 
19:09:20.061 INFO  google 遇見 
19:09:21.976 INFO  getchord https://zh-hk.guitarians.com/chord/2900/孫燕姿-遇見 
19:23:01.815 INFO  google C 
19:23:22.533 INFO  google 我懷念的 
19:23:31.045 INFO  getchord https://zh-hk.guitarians.com/chord/3486/孫燕姿-我懷念的 
19:25:47.085 INFO  google 記得 
19:26:04.648 INFO  getchord https://zh-hk.guitarians.com/chord/10349/林俊傑-記得 
19:27:15.659 INFO  google 記得 
19:27:27.430 INFO  getchord http://polygonguitar.blogspot.com/2012/07/chord_15.html 
19:27:46.477 INFO  google 記得 
19:27:50.820 INFO  getchord http://www.91pu.com.tw/song/2015/0831/613.html 
19:37:03.227 INFO  google 天梯 
19:37:05.482 INFO  getchord https://www.polygon.guitars/score/94/天梯 
19:43:08.998 INFO  google 再不再見 
19:43:11.716 INFO  getchord https://www.polygon.guitars/score/2663/再不再見 
19:51:37.629 INFO  google 說謊 
19:51:44.294 INFO  getchord https://www.polygon.guitars/score/267/說謊 
19:56:00.977 INFO  getchord https://zh-hk.guitarians.com/chord/1375/林宥嘉-說謊 
19:58:47.479 INFO  getchord http://www.91pu.com.tw/song/2015/1009/892.html 
20:00:49.233 INFO  getchord https://daydayguitar.blogspot.com/2013/07/ftfJRzW0MPo.html 
20:02:10.234 INFO  google  Lean mean by saying 
20:02:28.380 INFO  google 連名帶姓 
20:02:32.172 INFO  getchord https://www.polygon.guitars/score/4094/連名帶姓 
20:05:50.853 INFO  getchord https://zh-hk.guitarians.com/chord/29442/張惠妹-連名帶姓-(男音版) 
20:07:41.386 INFO  google 人質 
20:07:45.251 INFO  getchord https://zh-hk.guitarians.com/chord/1588/張惠妹-人質 
20:08:09.341 INFO  google 人質 
20:08:14.552 INFO  getchord http://www.91pu.com.tw/song/2015/0728/358.html 
20:09:17.634 INFO  google 轉身之後 
20:09:21.304 INFO  getchord https://www.polygon.guitars/score/2645/轉身之後 
20:12:16.538 INFO  google 轉身之後 
20:12:42.625 INFO  google 失落沙洲 
20:12:53.646 INFO  getchord https://zh-hk.guitarians.com/chord/445/徐佳瑩-失落沙洲 
20:15:54.444 INFO  google 殘酷月 
20:16:08.330 INFO  getchord https://zh-hk.guitarians.com/chord/1244/林宥嘉-残酷月光 
20:18:09.708 INFO  google 殘酷月 
20:18:17.655 INFO  google 喜劇之王 
20:18:20.627 INFO  getchord https://zh-hk.guitarians.com/chord/1564/李榮浩-喜劇之王 
20:21:32.264 INFO  google 戒煙 
20:21:36.780 INFO  getchord https://zh-hk.guitarians.com/chord/19741/李榮浩-戒煙 
20:22:44.353 INFO  google 戒煙 
20:22:59.752 INFO  google 給我一個理由忘記給我理由忘記長長你你備份 
20:23:01.796 INFO  getchord https://www.polygon.guitars/score/1337/給我一個理由忘記 
20:26:31.570 INFO  google 我只在乎你 
20:26:34.123 INFO  getchord https://zh-hk.guitarians.com/chord/4147/鄧麗君-我只在乎你 
20:36:42.167 INFO  google Someone you loved 
20:36:45.499 INFO  getchord https://www.91pu.com.tw/song/2019/1124/12156.html 
20:42:42.528 INFO  google 斷點 
20:42:45.070 INFO  getchord https://www.polygon.guitars/score/640/斷點 
21:01:01.976 INFO  google 成全 
21:01:04.131 INFO  getchord https://www.polygon.guitars/score/1762/成全 
21:03:32.705 INFO  google 我愛的人 
21:03:35.819 INFO  getchord https://www.polygon.guitars/score/1004/我愛的人 
21:06:27.255 INFO  google 那些你很冒險的夢 
21:06:38.644 INFO  getchord https://www.polygon.guitars/score/3979/CHORD 
21:08:07.545 INFO  google 只是太愛你 
21:08:17.759 INFO  getchord https://www.polygon.guitars/score/812/只是太愛你 
21:12:32.647 INFO  google 我只在乎你 
21:12:35.761 INFO  getchord https://www.polygon.guitars/score/1408/我只在乎你 
22:00:25.511 INFO  google 記得 
22:00:57.684 INFO  getchord https://zh-hk.guitarians.com/chord/10349/林俊傑-記得 
22:08:39.071 INFO  google 她說 
22:08:46.611 INFO  getchord https://zh-hk.guitarians.com/chord/368/林俊傑-她說 
22:15:08.679 INFO  google 成全 
22:15:12.206 INFO  getchord https://www.polygon.guitars/score/1762/成全 
22:15:29.694 INFO  getchord https://zh-hk.guitarians.com/chord/53173/林宥嘉-成全 
22:21:40.219 INFO  google 我愛的人 
22:21:46.613 INFO  getchord https://zh-hk.guitarians.com/chord/876/陳小春-我愛的人 
22:26:51.808 INFO  google 那些你很 
22:26:55.706 INFO  getchord https://www.polygon.guitars/score/3979/CHORD 
22:31:34.492 INFO  google 江南 
22:31:43.512 INFO  getchord https://www.polygon.guitars/score/308/江南 
22:32:15.316 INFO  getchord https://blog.xuite.net/anthelion/blog/472284815-林俊傑+JJ+Lin+-《江南》Chord譜+和弦譜 
22:36:47.797 INFO  google 只是太愛你 
22:36:51.999 INFO  getchord https://www.polygon.guitars/score/812/只是太愛你 
22:42:42.591 INFO  google 我只在乎你 
22:42:49.563 INFO  getchord https://zh-hk.guitarians.com/chord/4147/鄧麗君-我只在乎你 
22:54:41.618 INFO  google 遇見 
22:54:50.775 INFO  getchord https://zh-hk.guitarians.com/chord/2900/孫燕姿-遇見 
23:05:58.239 INFO  google 洋蔥 
23:06:03.427 INFO  getchord https://zh-hk.guitarians.com/chord/842/楊宗緯,阿信-洋蔥 
23:22:44.941 INFO  google 騷靈情歌 
23:22:48.727 INFO  getchord https://www.polygon.guitars/score/419/騷靈情歌 
23:27:43.085 INFO  google 碎吧睡吧 
23:27:48.013 INFO  getchord https://zh-hk.guitarians.com/chord/50407/許淨淳-碎吧睡吧 
23:32:45.612 INFO  google 哪裹只得我共你 
23:32:56.646 INFO  getchord https://zh-hk.guitarians.com/chord/2371/Dear-Jane-哪裡只得我共你 
23:38:38.931 INFO  google 兜圈 
23:38:42.340 INFO  getchord https://zh-hk.guitarians.com/chord/2304/林宥嘉,林宥嘉-兜圈 
23:43:58.750 INFO  google 空白格 
23:44:17.882 INFO  getchord https://zh-hk.guitarians.com/chord/1728/楊宗緯-空白格 
23:49:34.969 INFO  google 如果沒有你 
23:49:39.315 INFO  getchord http://polygonguitar.blogspot.com/2012/11/chord_9709.html 
23:50:05.556 INFO  google 如果沒有你 
23:50:13.855 INFO  getchord https://zh-hk.guitarians.com/chord/4288/莫文蔚--如果沒有你-Key-C 
23:56:27.788 INFO  google 慢慢喜歡你 
23:56:31.735 INFO  getchord https://www.polygon.guitars/score/4123/慢慢喜歡你 
00:02:12.389 INFO  google 然之間 
00:02:17.259 INFO  getchord https://zh-hk.guitarians.com/chord/1098/莫文蔚--忽然之間 
00:09:46.622 INFO  google 拼命無 
00:09:51.312 INFO  getchord https://zh-hk.guitarians.com/chord/90000/林家謙-拼命無恙 
00:14:47.057 INFO  google 歲月如歌 
00:14:50.499 INFO  getchord http://polygonguitar.blogspot.com/2012/07/chord_4583.html 
00:15:13.636 INFO  google 歲月如歌 
00:15:14.029 INFO  google 歲月如歌 
00:15:20.524 INFO  getchord https://www.polygon.guitars/score/300/歲月如歌 
00:19:58.631 INFO  google 淘汱 
00:20:04.783 INFO  getchord https://zh-hk.guitarians.com/chord/1298/陳奕迅-淘汰 
00:24:35.814 INFO  google Someone you love 
00:24:40.391 INFO  getchord https://tabs.ultimate-guitar.com/tab/lewis-capaldi/someone-you-loved-chords-2512737 
00:37:27.534 INFO  google 你好不好 
00:37:31.881 INFO  getchord https://www.polygon.guitars/score/1670/你好不好 (遺憾拼圖片尾曲) 
00:43:34.181 INFO  google 温柔 
00:43:48.843 INFO  getchord http://polygonguitar.blogspot.com/2012/08/chord_922.html 
00:44:18.047 INFO  google 温柔 
00:44:23.588 INFO  getchord https://zh-hk.guitarians.com/chord/2592/五月天-溫柔 
00:49:58.591 INFO  getchord https://zh-hk.guitarians.com/chord/2592/五月天-溫柔 
00:50:37.394 INFO  google 温柔 還你自由 
00:50:41.439 INFO  getchord https://daydayguitar.blogspot.com/2016/05/mtAcbMYBsM.html 
00:52:39.429 INFO  google 朋友都結緍 
00:52:43.863 INFO  getchord https://www.91pu.com.tw/song/2019/1117/12118.html 
00:59:50.923 INFO  google 殘酷月光 
00:59:53.536 INFO  getchord http://www.91pu.com.tw/song/2016/0620/3830.html 
01:04:43.346 INFO  google When I was your man 
01:04:49.668 INFO  getchord https://tabs.ultimate-guitar.com/tab/bruno-mars/when-i-was-your-man-chords-1198871 
01:11:18.548 INFO  google 逃避你 
01:11:21.598 INFO  getchord https://zh-hk.guitarians.com/chord/3411/容祖兒-逃避你 
01:11:33.456 INFO  google 口一 
01:11:42.008 INFO  google 䟩 
01:12:19.423 INFO  google 痛愛 
01:12:22.703 INFO  getchord https://zh-hk.guitarians.com/chord/17822/容祖兒-痛愛 
01:18:04.310 INFO  google 壞與更壞 
01:18:08.694 INFO  getchord https://www.polygon.guitars/score/1661/壞與更壞 
01:22:58.048 INFO  google 失落沙 
01:23:02.613 INFO  getchord https://zh-hk.guitarians.com/chord/445/徐佳瑩-失落沙洲 
01:23:57.092 INFO  google 我真的受傷了 
01:24:00.111 INFO  getchord https://www.polygon.guitars/score/2649/我真的受傷了 (男) 
01:28:38.175 INFO  google 失落沙 
01:28:41.748 INFO  getchord https://zh-hk.guitarians.com/chord/445/徐佳瑩-失落沙洲 
01:34:39.025 INFO  google 綿綿 
01:34:47.130 INFO  getchord https://zh-hk.guitarians.com/chord/115/陳奕迅-綿綿 
01:40:19.202 INFO  google 說謊 
01:40:22.857 INFO  getchord https://www.polygon.guitars/score/267/說謊 
01:44:55.371 INFO  google 天真有邪 
01:45:07.745 INFO  getchord https://zh-hk.guitarians.com/chord/3803/林宥嘉-天真有邪 
01:50:34.058 INFO  google 想見你 
01:50:37.315 INFO  getchord https://zh-hk.guitarians.com/chord/92471/八三夭-想見你想見你想見你 
01:56:46.984 INFO  google 水星記 
01:56:50.542 INFO  getchord https://www.91pu.com.tw/song/2018/0331/9450.html 
02:05:19.576 INFO  google 說好不哭 
02:05:26.413 INFO  getchord https://zh-hk.guitarians.com/chord/77195/周杰倫-說好不哭 
02:12:06.113 INFO  google 月球上的人 
02:12:08.848 INFO  getchord https://www.polygon.guitars/score/108/月球上的人 
03:10:33.760 INFO  google 在錯誤的宇宙 
03:10:36.582 INFO  getchord https://zh-hk.guitarians.com/chord/69327/陳健安-在錯誤的宇宙尋找愛 
14:54:57.606 INFO  google eason chan 
14:55:01.221 INFO  getchord https://www.polygon.guitars/score/4178/漸漸 
00:02:04.320 INFO  google 傾城 
00:02:09.776 INFO  getchord https://zh-hk.guitarians.com/chord/260/陳奕迅-傾城 
00:02:30.457 INFO  google 傾城 
00:02:35.074 INFO  getchord https://www.polygon.guitars/score/575/傾城 
01:47:10.920 INFO  google 傾城 
01:47:16.403 INFO  getchord https://www.polygon.guitars/score/575/傾城 
05:36:57.907 INFO  google 笑忘書 
05:47:22.745 INFO  google 零分 
05:47:27.217 INFO  google 零分 
05:47:38.173 INFO  getchord https://www.polygon.guitars/score/4467/零分 
05:47:56.390 INFO  getchord https://chord4.com/tabs/31203 
05:50:47.169 INFO  google 張敬軒 
05:50:51.152 INFO  getchord https://zh-hk.guitarians.com/chord/17152/張敬軒-春秋 
08:45:28.067 INFO  google 聽風 
08:45:29.492 INFO  google 聽風 
08:45:31.618 INFO  getchord https://zh-hk.guitarians.com/chord/75796/林家謙-聽風 
04:56:38.074 INFO  google 七百年後 
04:59:24.303 INFO  getchord https://www.polygon.guitars/score/378/七百年後 
06:00:56.868 INFO  google 七百年後 
06:00:59.292 INFO  getchord https://www.polygon.guitars/score/378/七百年後 
12:45:43.608 INFO  google 七百年後 
12:45:44.944 INFO  google 七百年後 
12:45:51.871 INFO  getchord https://www.polygon.guitars/score/378/七百年後 
17:26:44.958 INFO  google 我的志願 
17:26:46.475 INFO  google 我的志願 
17:26:48.270 INFO  getchord https://zh-hk.guitarians.com/chord/3322/許廷鏗-我的志願 
17:26:59.148 INFO  getchord http://polygonguitar.blogspot.com/2016/07/chord_20.html 
17:27:22.648 INFO  google 我的志願 
17:27:23.949 INFO  google 我的志願 
17:27:36.730 INFO  getchord https://blog.xuite.net/anthelion/blog/430789802-許廷鏗+Alfred+-《我的志願》Chord譜+和弦譜 
17:28:16.533 INFO  google 我的志願 
17:28:17.439 INFO  google 我的志願 
17:28:22.791 INFO  getchord https://zh-hk.guitarians.com/chord/3322/許廷鏗-我的志願 
17:40:29.426 INFO  google 月球上的人 
17:40:41.816 INFO  google 月球下的人 
17:40:44.227 INFO  getchord https://daydayguitar.blogspot.com/2016/03/W73UOP-SVfo.html 
20:19:20.631 INFO  google 永不失聯 
20:19:25.092 INFO  getchord https://chord4.com/tabs/19288 
20:26:41.225 INFO  google 天下無雙 
20:26:45.192 INFO  getchord https://zh-hk.guitarians.com/chord/3/陳奕迅-天下無雙 
20:31:40.328 INFO  google 唯讀你是不可取替 
20:31:50.894 INFO  getchord https://zh-hk.guitarians.com/chord/363/許志安-唯獨你是不可取替 
20:37:18.758 INFO  google 難得一遇 
20:37:21.871 INFO  getchord https://www.polygon.guitars/score/1859/難得一遇 
20:41:20.220 INFO  google 張敬軒 
20:42:06.030 INFO  google 黃色大門 
20:42:09.022 INFO  getchord https://zh-hk.guitarians.com/chord/32534/張敬軒-黃色大門 
20:48:48.530 INFO  google 當你 
20:48:50.430 INFO  getchord https://zh-hk.guitarians.com/chord/1921/林俊傑-當你 
20:50:27.033 INFO  getchord https://zh-hk.guitarians.com/chord/59122/林俊傑-當你~ 
20:54:15.275 INFO  google 少女 
20:54:18.171 INFO  getchord https://zh-hk.guitarians.com/chord/84515/林宥嘉-少女 
20:59:52.267 INFO  google 彩虹 
20:59:54.768 INFO  getchord https://www.polygon.guitars/score/693/彩虹 
21:02:37.520 INFO  google 小幸福 
21:02:41.245 INFO  getchord http://polygonguitar.blogspot.com/2015/09/chord_41.html 
21:02:56.895 INFO  google 小幸福 
21:03:00.476 INFO  getchord https://zh-hk.guitarians.com/chord/1814/田馥甄-小幸運 
01:25:14.914 INFO  google Fix you 
01:25:17.875 INFO  getchord https://tabs.ultimate-guitar.com/tab/coldplay/fix-you-chords-1863305 
15:36:36.059 INFO  google Kaminoke 
15:36:37.145 INFO  google Kaminoke 
15:36:57.353 INFO  google Queen bee 
19:41:17.609 INFO  google 青春頌 
19:41:18.832 INFO  google 青春頌 
19:41:20.126 INFO  getchord https://zh-hk.guitarians.com/chord/143/許廷鏗-青春頌 
21:35:37.279 INFO  google 青春頌 
21:35:39.474 INFO  getchord https://zh-hk.guitarians.com/chord/143/許廷鏗-青春頌 
22:16:19.176 INFO  google 青春頌 
22:16:20.362 INFO  google 青春頌 
22:16:22.644 INFO  getchord https://www.polygon.guitars/score/920/青春頌 
02:23:57.443 INFO  google 拼命無羔 
02:23:59.319 INFO  getchord https://zh-hk.guitarians.com/chord/90000/林家謙-拼命無恙 
19:30:04.483 INFO  google 拼命無羔 
19:30:07.811 INFO  getchord https://www.polygon.guitars/score/4475/拼命無恙 
20:25:56.135 INFO  google 拼命無恙 
20:25:57.822 INFO  google 拼命無恙 
20:26:00.586 INFO  getchord https://zh-hk.guitarians.com/chord/90000/林家謙-拼命無恙 
20:30:30.677 INFO  google 一人之境 
20:30:33.813 INFO  getchord https://zh-hk.guitarians.com/chord/103848/林家謙-一人之境 
21:29:29.827 INFO  google 青春頌 
21:29:30.968 INFO  google 青春頌 
21:29:31.861 INFO  getchord https://www.polygon.guitars/score/920/青春頌 
19:49:11.587 INFO  google back to december 
19:49:19.851 INFO  getchord https://zh-hk.guitarians.com/chord/1209/taylor-swift-Back-To-December 
00:56:41.810 INFO  google back to december 
00:56:48.008 INFO  getchord https://zh-hk.guitarians.com/chord/1209/taylor-swift-Back-To-December 
01:33:03.719 INFO  google 下一位 
01:33:06.736 INFO  getchord https://zh-hk.guitarians.com/chord/54627/林家謙-下一位前度 
21:05:25.614 INFO  google Hello 
21:05:27.192 INFO  google Hello 
21:05:31.908 INFO  getchord https://tabs.ultimate-guitar.com/tab/adele/hello-chords-1775924 
21:05:41.990 INFO  getchord https://tabs.ultimate-guitar.com/tab/adele/hello-chords-1775924 
21:05:42.959 INFO  google Hello 
21:05:43.828 INFO  google Hello 
21:05:50.169 INFO  getchord https://zh-hk.guitarians.com/chord/3177/Adele,Adele-hello 
03:02:19.525 INFO  google 為你的寂寞唱歌 
03:02:20.688 INFO  google 為你的寂寞唱歌 
03:02:22.425 INFO  getchord https://www.polygon.guitars/score/1189/為你的寂寞唱歌 
03:02:26.747 INFO  getchord https://www.polygon.guitars/score/1189/為你的寂寞唱歌 
03:03:49.807 INFO  getchord https://www.91pu.com.tw/song/2015/1015/1030.html 
03:03:50.988 INFO  getchord https://www.polygon.guitars/score/1189/為你的寂寞唱歌 
03:03:54.108 INFO  getchord https://chord4.com/tabs/21859 
03:03:59.536 INFO  getchord https://chord4.com/tabs/21859 
03:04:04.356 INFO  getchord https://chord4.com/tabs/21859 
03:04:08.232 INFO  getchord https://chord4.com/tabs/1894 
03:04:09.828 INFO  getchord https://chord4.com/tabs/21859 
03:04:11.943 INFO  getchord https://www.polygon.guitars/score/1189/為你的寂寞唱歌 
03:04:13.307 INFO  getchord https://www.polygon.guitars/score/1189/為你的寂寞唱歌 
03:04:31.300 INFO  getchord https://chord4.com/tabs/21859 
13:41:09.098 INFO  google 修煉愛情 
13:41:10.262 INFO  google 修煉愛情 
13:41:14.262 INFO  getchord https://www.polygon.guitars/score/1571/修煉愛情 
01:09:25.086 INFO  google 下一位前度 
01:09:30.318 INFO  getchord https://zh-hk.guitarians.com/chord/54627/林家謙-下一位前度 
01:16:40.414 INFO  google when i was your man 
01:16:41.962 INFO  google when i was your man 
01:16:45.006 INFO  getchord https://tabs.ultimate-guitar.com/tab/bruno-mars/when-i-was-your-man-chords-1198871 
01:17:04.883 INFO  google When I was your man 
01:17:09.972 INFO  getchord http://polygonguitar.blogspot.com/2013/12/bruno-mars-when-i-was-your-man-chord.html 
01:17:18.413 INFO  google When I was your man 
01:17:21.526 INFO  getchord https://tabs.ultimate-guitar.com/tab/bruno-mars/when-i-was-your-man-chords-1198871 
01:17:30.897 INFO  google When I was your man 
01:17:32.504 INFO  getchord https://blog.xuite.net/anthelion/blog/272264541-譚嘉儀+-+<<When+I+was+your+man>>+原唱:Bruno+Mars+Chord譜+和弦譜 
01:30:03.934 INFO  google When I was your man 
01:30:07.492 INFO  google 說散就散 
01:30:09.688 INFO  getchord http://polygonguitar.blogspot.com/2016/07/jc-chord.html 
01:30:35.618 INFO  google 說散就散 
01:30:39.723 INFO  getchord http://polygonguitar.blogspot.com/2016/07/jc-chord.html 
01:30:45.119 INFO  getchord https://zh-hk.guitarians.com/chord/3067/JC-說散就散 
01:31:02.504 INFO  google 說散就散 
01:31:07.522 INFO  google 說散就散 
01:31:09.631 INFO  getchord https://zh-hk.guitarians.com/chord/3067/JC-說散就散 
01:31:14.391 INFO  google 說散就散 
02:01:39.772 INFO  google 後來 
02:01:50.815 INFO  getchord http://polygonguitar.blogspot.com/2012/07/blog-post_15.html 
02:02:09.067 INFO  google 後來 
02:02:12.387 INFO  getchord https://www.polygon.guitars/score/1954/後來 
02:02:24.584 INFO  google 後來 
02:02:28.674 INFO  getchord https://zh-hk.guitarians.com/chord/23741/張敬軒-後來 
02:09:38.435 INFO  google 背叛 
02:09:41.565 INFO  getchord https://zh-hk.guitarians.com/chord/275/曹格-背叛 
02:17:16.924 INFO  google 安靜 
02:17:20.861 INFO  getchord https://www.polygon.guitars/score/65/安靜 
02:24:45.694 INFO  google 為你寂寞唱歌 
02:24:47.838 INFO  google 為你寂寞唱歌 
02:24:50.653 INFO  getchord https://www.polygon.guitars/score/1189/為你的寂寞唱歌 
02:25:37.411 INFO  getchord https://chord4.com/tabs/21859 
02:26:11.455 INFO  getchord https://www.91pu.com.tw/song/2015/1015/1030.html 
02:26:32.347 INFO  getchord https://www.91pu.com.tw/song/2015/1015/1030.html 
02:26:38.813 INFO  google 為你寂寞唱歌 
02:26:49.980 INFO  getchord https://www.polygon.guitars/score/1189/為你的寂寞唱歌 
02:27:14.319 INFO  getchord https://chord4.com/tabs/21859 
02:27:29.474 INFO  getchord http://polygonguitar.blogspot.com/2014/03/chord_25.html 
02:27:56.397 INFO  google 為你寂寞唱歌 
02:28:01.728 INFO  getchord http://polygonguitar.blogspot.com/2014/03/chord_25.html 
02:28:58.215 INFO  google 為你的寂寞唱歌 
02:29:02.308 INFO  getchord http://polygonguitar.blogspot.com/2014/03/chord_25.html 
02:29:11.676 INFO  getchord https://chord4.com/tabs/1894 
02:29:36.328 INFO  getchord https://chord4.com/tabs/1894 
02:30:00.051 INFO  getchord https://www.91pu.com.tw/song/2015/1015/1030.html 
02:31:02.556 INFO  google 為你寂寞唱歌 
02:31:05.187 INFO  getchord https://www.polygon.guitars/score/1189/為你的寂寞唱歌 
02:38:54.385 INFO  google 剛剛好 
02:38:58.324 INFO  getchord https://zh-hk.guitarians.com/chord/3548/薛之謙-剛剛好 
02:44:13.299 INFO  google 後來的我們 
02:44:16.611 INFO  getchord https://zh-hk.guitarians.com/chord/3289/五月天-後來的我們 
03:02:59.449 INFO  google 以後別做朋友 
03:03:05.023 INFO  getchord https://zh-hk.guitarians.com/chord/1065/周興哲-以後別做朋友 
03:03:29.840 INFO  getchord http://www.91pu.com.tw/song/2015/0525/31.html 
20:16:15.757 INFO  google 別問很可怕 
20:16:18.242 INFO  getchord https://zh-hk.guitarians.com/chord/29606/J.Sheon-別問很可怕 
16:04:01.159 INFO  google 說謊 
16:04:09.478 INFO  getchord http://www.91pu.com.tw/song/2015/1009/892.html 
20:38:24.971 INFO  google 黃色大門 
20:38:28.126 INFO  getchord https://zh-hk.guitarians.com/chord/32534/張敬軒-黃色大門 
20:38:50.885 INFO  google 黃色大門 
20:38:55.602 INFO  getchord https://chord4.com/tabs/29485 
13:06:16.632 INFO  google 兜圈 
13:06:18.145 INFO  google 兜圈 
13:06:24.184 INFO  getchord https://www.polygon.guitars/score/4474/兜圈 
14:21:34.424 INFO  google 6 
14:21:43.079 INFO  google 好好 
14:21:45.149 INFO  google 好好 
14:21:46.255 INFO  getchord https://zh-hk.guitarians.com/chord/3969/五月天-好好 
14:40:21.238 INFO  google 五月天 
14:40:23.424 INFO  google 五月天 
14:40:26.253 INFO  getchord https://www.polygon.guitars/score/2686/終於結束的起點 
19:34:25.462 INFO  google 知足 
19:34:27.695 INFO  getchord http://polygonguitar.blogspot.com/2012/10/blog-post_15.html 
19:34:40.708 INFO  google 知足 
19:34:48.524 INFO  getchord https://zh-hk.guitarians.com/chord/1496/五月天-知足 
19:36:48.682 INFO  getchord https://zh-hk.guitarians.com/chord/3140/五月天,五月天,五月天-知足 
23:10:13.664 INFO  google 知足 
23:10:17.796 INFO  getchord http://polygonguitar.blogspot.com/2012/10/blog-post_15.html 
23:10:22.934 INFO  google 知足 
23:10:26.176 INFO  getchord https://zh-hk.guitarians.com/chord/1496/五月天-知足 
23:10:39.076 INFO  getchord https://www.polygon.guitars/score/1997/知足 
23:27:09.274 INFO  google 紅豆 
23:27:16.361 INFO  getchord https://www.polygon.guitars/score/212/紅豆 
23:34:57.901 INFO  google 想見你 
23:35:01.680 INFO  getchord https://www.polygon.guitars/score/4481/想見你想見你想見你 
01:45:28.008 INFO  google 想見你 
11:53:34.097 INFO  google 單車 
11:53:37.341 INFO  getchord https://www.polygon.guitars/score/1929/單車 
01:09:49.303 INFO  google 為你的寂寞唱歌 
01:09:53.788 INFO  getchord https://chord4.com/tabs/1894 
01:11:05.154 INFO  getchord https://chord4.com/tabs/21859 
14:16:00.063 INFO  google 想見你 
14:16:01.411 INFO  google 想見你 
14:16:02.430 INFO  google 想見你 
14:16:03.930 INFO  getchord https://www.polygon.guitars/score/4481/想見你想見你想見你 
14:16:09.051 INFO  getchord https://www.polygon.guitars/score/4481/想見你想見你想見你 
14:16:14.261 INFO  getchord https://www.polygon.guitars/score/4481/想見你想見你想見你 
14:16:19.145 INFO  getchord https://www.polygon.guitars/score/4481/想見你想見你想見你 
22:51:39.933 INFO  google 說謊 
22:51:52.201 INFO  getchord https://www.polygon.guitars/score/267/說謊 
22:53:35.472 INFO  google 人來人往 
22:53:38.977 INFO  getchord https://www.polygon.guitars/score/334/人來人往 
22:55:47.069 INFO  google 傻子 
22:55:48.747 INFO  google 傻子 
22:55:50.587 INFO  getchord https://zh-hk.guitarians.com/chord/1905/林宥嘉-傻子 
21:31:05.054 INFO  google 寂寞就如 
21:31:06.831 INFO  google 寂寞就如 
21:31:18.014 INFO  getchord https://zh-hk.guitarians.com/chord/57614/麥浚龍-寂寞就如 
21:31:25.447 INFO  getchord https://zh-hk.guitarians.com/chord/57614/麥浚龍-寂寞就如 
21:39:06.985 INFO  google 一人之境 
21:39:08.323 INFO  google 一人之境 
21:39:09.898 INFO  getchord https://zh-hk.guitarians.com/chord/103848/林家謙-一人之境 
21:39:16.515 INFO  getchord https://zh-hk.guitarians.com/chord/103848/林家謙-一人之境 
18:56:51.125 INFO  google 南山南 
18:56:57.407 INFO  getchord https://zh-hk.guitarians.com/chord/2316/馬頔-南山南 
18:57:18.166 INFO  getchord https://www.polygon.guitars/score/4056/南山南 
